Palabras en la sopa:
bipo
bito
cada
cala
cana
cane
casa
cato
caza
cazi
ceca
ceco
cepe
cepo
cepu
cero
cifi
cipe
coma
cota
cowa
cuca
cuco
culo
cuqo
cuto
cuxo
daca
dala
dali
dawa
daza
dazi
fazo
figi
fihi
fipo
fisi
fiti
fito
fopa
fopo
fugi
fugo
gifi
gisa
gufi
gufo
gula
guli
guyi
haco
hacu
halo
halu
hama
hamo
hara
hare
haza
hifi
jepe
jepi
jeqi
jeza
jezi
laca
laci
lada
ladi
lagi
lagu
lane
late
laza
lazi
lice
licu
liza
lize
loha
lowo
loxu
loze
lozo
lozu
luce
luco
lucu
luha
luwo
luxo
maha
maho
mapo
mati
mato
maxo
maza
mazo
meta
moba
mocu
mole
moli
molo
molu
mosa
mose
mosi
naca
naza
nazi
neja
neje
nena
nepa
nepi
neqa
nere
nete
neze
padu
pamo
pasi
paxi
pebe
pebu
peco
pefi
peje
peji
pepe
pepo
peqe
peqi
pera
pero
pewe
pice
pide
pife
pifi
pito
pive
poce
pofa
pofi
pofo
pope
poqa
poqo
pose
poti
poxe
qeje
qeji
qepe
qepi
qeqe
qocu
qoma
qopo
qoru
qotu
qoxu
quto
raha
raza
reco
rene
repa
repo
rera
reso
rete
rewa
reya
reza
ribu
rofo
roqu
rore
rotu
rowo
saca
sada
sawa
siga
sigi
sigu
sixa
sixi
sope
taco
tafu
tasa
taso
tate
tefu
tema
temo
tene
tere
teta
tete
teza
teze
tifi
tipo
toca
tocu
tofa
tofi
tofo
toma
tomi
topi
toqu
tote
tovi
tuco
tuqo
vifi
vipe
vopo
voqo
wepo
wera
woca
wocu
wofo
wolo
wolu
wome
womo
wota
xamo
xaza
xipa
xiyi
xizi
xolu
xomu
xope
xoqu
xose
xota
xotu
xozu
xuco
xulo
zaca
zaci
zaha
zaja
zaje
zaji
zala
zali
zamo
zana
zane
zani
zara
zare
zebu
zefo
zefu
zeta
zeto
zeze
zezo
zibu
zidu
zila
zolo
zolu
zoxu
